your current dir is: /workdir/simlab_team/prabakaran/GuacaMoliency
your workdir is: /scratch/simlab_team/106385.torque1.cluster.lbt/
number of nodes: 1
number of cores: 48
your execution environment: node081.cluster.lbt
cuda:0
Training start
{'loss': 1.6504, 'grad_norm': 913175.5, 'learning_rate': 0.0, 'epoch': 0.0}
{'loss': 0.4389, 'grad_norm': 11107.8642578125, 'learning_rate': 0.0005979976874471016, 'epoch': 0.97}
{'eval_loss': 0.6521877646446228, 'eval_runtime': 459.7093, 'eval_samples_per_second': 383.012, 'eval_steps_per_second': 23.939, 'epoch': 0.97}
{'loss': 0.3091, 'grad_norm': 7360.91357421875, 'learning_rate': 0.0005898156279731642, 'epoch': 1.94}
{'eval_loss': 0.5927584767341614, 'eval_runtime': 466.2371, 'eval_samples_per_second': 377.649, 'eval_steps_per_second': 23.604, 'epoch': 1.94}
{'loss': 0.2901, 'grad_norm': 6032.50341796875, 'learning_rate': 0.0005755100689740889, 'epoch': 2.91}
{'eval_loss': 0.571447491645813, 'eval_runtime': 451.2596, 'eval_samples_per_second': 390.183, 'eval_steps_per_second': 24.387, 'epoch': 2.91}
{'loss': 0.281, 'grad_norm': 6234.78857421875, 'learning_rate': 0.0005554181729386032, 'epoch': 3.88}
{'eval_loss': 0.5576303601264954, 'eval_runtime': 469.0595, 'eval_samples_per_second': 375.377, 'eval_steps_per_second': 23.462, 'epoch': 3.88}
{'loss': 0.2754, 'grad_norm': 6229.1689453125, 'learning_rate': 0.0005300134784170712, 'epoch': 4.84}
{'eval_loss': 0.5509458184242249, 'eval_runtime': 465.0693, 'eval_samples_per_second': 378.597, 'eval_steps_per_second': 23.663, 'epoch': 4.84}
{'loss': 0.2714, 'grad_norm': 5476.39208984375, 'learning_rate': 0.0004998947393645667, 'epoch': 5.81}
{'eval_loss': 0.5454235076904297, 'eval_runtime': 458.118, 'eval_samples_per_second': 384.342, 'eval_steps_per_second': 24.022, 'epoch': 5.81}
{'loss': 0.2681, 'grad_norm': 6414.85791015625, 'learning_rate': 0.00046577181332786043, 'epoch': 6.78}
{'eval_loss': 0.5385706424713135, 'eval_runtime': 466.0794, 'eval_samples_per_second': 377.777, 'eval_steps_per_second': 23.612, 'epoch': 6.78}
{'loss': 0.2654, 'grad_norm': 5909.32177734375, 'learning_rate': 0.0004284489310724846, 'epoch': 7.75}
{'eval_loss': 0.5346298217773438, 'eval_runtime': 471.6462, 'eval_samples_per_second': 373.318, 'eval_steps_per_second': 23.333, 'epoch': 7.75}
{'loss': 0.263, 'grad_norm': 6044.05908203125, 'learning_rate': 0.0003888057419619147, 'epoch': 8.72}
{'eval_loss': 0.5306302905082703, 'eval_runtime': 459.4389, 'eval_samples_per_second': 383.237, 'eval_steps_per_second': 23.953, 'epoch': 8.72}
{'loss': 0.2608, 'grad_norm': 6134.82177734375, 'learning_rate': 0.00034777658182339594, 'epoch': 9.69}
{'eval_loss': 0.5266513824462891, 'eval_runtime': 460.6096, 'eval_samples_per_second': 382.263, 'eval_steps_per_second': 23.892, 'epoch': 9.69}
{'loss': 0.2587, 'grad_norm': 5452.43359375, 'learning_rate': 0.00030632845192850295, 'epoch': 10.66}
{'eval_loss': 0.5237951874732971, 'eval_runtime': 446.6215, 'eval_samples_per_second': 394.235, 'eval_steps_per_second': 24.641, 'epoch': 10.66}
{'loss': 0.2567, 'grad_norm': 5455.0830078125, 'learning_rate': 0.00026543822809378757, 'epoch': 11.63}
{'eval_loss': 0.5202510952949524, 'eval_runtime': 454.9419, 'eval_samples_per_second': 387.025, 'eval_steps_per_second': 24.19, 'epoch': 11.63}
{'loss': 0.2549, 'grad_norm': 5773.72509765625, 'learning_rate': 0.00022606963705188696, 'epoch': 12.6}
{'eval_loss': 0.517947256565094, 'eval_runtime': 459.4943, 'eval_samples_per_second': 383.191, 'eval_steps_per_second': 23.95, 'epoch': 12.6}
{'loss': 0.2531, 'grad_norm': 6466.630859375, 'learning_rate': 0.00018915054272858228, 'epoch': 13.57}
{'eval_loss': 0.5150148868560791, 'eval_runtime': 442.0609, 'eval_samples_per_second': 398.303, 'eval_steps_per_second': 24.895, 'epoch': 13.57}
{'loss': 0.2515, 'grad_norm': 6189.81982421875, 'learning_rate': 0.0001555510777572367, 'epoch': 14.53}
{'eval_loss': 0.5122750997543335, 'eval_runtime': 457.0685, 'eval_samples_per_second': 385.225, 'eval_steps_per_second': 24.077, 'epoch': 14.53}
{'loss': 0.25, 'grad_norm': 6719.3427734375, 'learning_rate': 0.00012606313564095484, 'epoch': 15.5}
{'eval_loss': 0.5099762082099915, 'eval_runtime': 462.2601, 'eval_samples_per_second': 380.898, 'eval_steps_per_second': 23.807, 'epoch': 15.5}
{'loss': 0.2486, 'grad_norm': 6252.8330078125, 'learning_rate': 0.00010138170690419028, 'epoch': 16.47}
{'eval_loss': 0.50806725025177, 'eval_runtime': 464.2158, 'eval_samples_per_second': 379.293, 'eval_steps_per_second': 23.707, 'epoch': 16.47}
{'loss': 0.2476, 'grad_norm': 6054.47705078125, 'learning_rate': 8.20884991152226e-05, 'epoch': 17.44}
{'eval_loss': 0.5064883232116699, 'eval_runtime': 471.3397, 'eval_samples_per_second': 373.561, 'eval_steps_per_second': 23.348, 'epoch': 17.44}
{'loss': 0.2467, 'grad_norm': 6678.46484375, 'learning_rate': 6.863822683320196e-05, 'epoch': 18.41}
{'eval_loss': 0.5053843259811401, 'eval_runtime': 469.9838, 'eval_samples_per_second': 374.638, 'eval_steps_per_second': 23.416, 'epoch': 18.41}
{'loss': 0.2459, 'grad_norm': 6281.68212890625, 'learning_rate': 6.134789460698647e-05, 'epoch': 19.38}
{'eval_loss': 0.504539966583252, 'eval_runtime': 459.7507, 'eval_samples_per_second': 382.977, 'eval_steps_per_second': 23.937, 'epoch': 19.38}
{'train_runtime': 14795.5904, 'train_samples_per_second': 2143.774, 'train_steps_per_second': 2.791, 'train_loss': 0.27105107384790234, 'epoch': 20.01}
Data from this directory : data/training_data/moses_selfies.csv
Tokenizer from this directory : data/tokenizers_selfies/moses_selfies
log files are in this directory : reports/logs/moses_SELFIES_SELFIES/1
Model and checkpoint of training has been save in this directory : models/trained_moses_selfies_SELFIES/1
END OF train.py
