your current dir is: /workdir/simlab_team/prabakaran/GuacaMoliency
your workdir is: /scratch/simlab_team/106332.torque1.cluster.lbt/
number of nodes: 1
number of cores: 48
your execution environment: node081.cluster.lbt
cuda:0
Training start
{'loss': 2.4231, 'grad_norm': 871968.1875, 'learning_rate': 0.0, 'epoch': 0.0}
{'loss': 0.3964, 'grad_norm': 11039.7119140625, 'learning_rate': 0.000996662812411836, 'epoch': 0.97}
{'eval_loss': 0.5845198631286621, 'eval_runtime': 469.0786, 'eval_samples_per_second': 375.361, 'eval_steps_per_second': 23.461, 'epoch': 0.97}
{'loss': 0.2798, 'grad_norm': 5548.42919921875, 'learning_rate': 0.0009830260466219404, 'epoch': 1.94}
{'eval_loss': 0.5487968921661377, 'eval_runtime': 466.2, 'eval_samples_per_second': 377.679, 'eval_steps_per_second': 23.606, 'epoch': 1.94}
{'loss': 0.2677, 'grad_norm': 14826.2333984375, 'learning_rate': 0.0009591834482901483, 'epoch': 2.91}
{'eval_loss': 0.5360512137413025, 'eval_runtime': 457.8775, 'eval_samples_per_second': 384.544, 'eval_steps_per_second': 24.035, 'epoch': 2.91}
{'loss': 0.2616, 'grad_norm': 5167.17724609375, 'learning_rate': 0.0009256969548976722, 'epoch': 3.88}
{'eval_loss': 0.5263844132423401, 'eval_runtime': 472.6461, 'eval_samples_per_second': 372.528, 'eval_steps_per_second': 23.284, 'epoch': 3.88}
{'loss': 0.2579, 'grad_norm': 4078.383056640625, 'learning_rate': 0.0008833557973617854, 'epoch': 4.84}
{'eval_loss': 0.5206931829452515, 'eval_runtime': 453.2889, 'eval_samples_per_second': 388.437, 'eval_steps_per_second': 24.278, 'epoch': 4.84}
{'loss': 0.255, 'grad_norm': 3654.01123046875, 'learning_rate': 0.0008331578989409446, 'epoch': 5.81}
{'eval_loss': 0.5144117474555969, 'eval_runtime': 468.8296, 'eval_samples_per_second': 375.561, 'eval_steps_per_second': 23.473, 'epoch': 5.81}
{'loss': 0.2526, 'grad_norm': 4414.2294921875, 'learning_rate': 0.0007762863555464341, 'epoch': 6.78}
{'eval_loss': 0.5102139115333557, 'eval_runtime': 467.888, 'eval_samples_per_second': 376.317, 'eval_steps_per_second': 23.521, 'epoch': 6.78}
{'loss': 0.2506, 'grad_norm': 4577.673828125, 'learning_rate': 0.0007140815517874743, 'epoch': 7.75}
{'eval_loss': 0.5068780779838562, 'eval_runtime': 461.9003, 'eval_samples_per_second': 381.195, 'eval_steps_per_second': 23.825, 'epoch': 7.75}
{'loss': 0.2488, 'grad_norm': 3802.6416015625, 'learning_rate': 0.0006480095699365246, 'epoch': 8.72}
{'eval_loss': 0.5042823553085327, 'eval_runtime': 457.7035, 'eval_samples_per_second': 384.69, 'eval_steps_per_second': 24.044, 'epoch': 8.72}
{'loss': 0.2471, 'grad_norm': 4148.56982421875, 'learning_rate': 0.0005796276363723267, 'epoch': 9.69}
{'eval_loss': 0.5015481114387512, 'eval_runtime': 453.5537, 'eval_samples_per_second': 388.21, 'eval_steps_per_second': 24.264, 'epoch': 9.69}
{'loss': 0.2453, 'grad_norm': 3685.342529296875, 'learning_rate': 0.0005105474198808383, 'epoch': 10.66}
{'eval_loss': 0.4987201690673828, 'eval_runtime': 473.5047, 'eval_samples_per_second': 371.853, 'eval_steps_per_second': 23.242, 'epoch': 10.66}
{'loss': 0.2437, 'grad_norm': 4405.17431640625, 'learning_rate': 0.00044239704682297933, 'epoch': 11.63}
{'eval_loss': 0.49588772654533386, 'eval_runtime': 471.7529, 'eval_samples_per_second': 373.234, 'eval_steps_per_second': 23.328, 'epoch': 11.63}
{'loss': 0.2422, 'grad_norm': 4226.4208984375, 'learning_rate': 0.00037678272841981165, 'epoch': 12.6}
{'eval_loss': 0.49359971284866333, 'eval_runtime': 463.8723, 'eval_samples_per_second': 379.574, 'eval_steps_per_second': 23.724, 'epoch': 12.6}
{'loss': 0.2406, 'grad_norm': 4288.9580078125, 'learning_rate': 0.00031525090454763714, 'epoch': 13.57}
{'eval_loss': 0.4903431534767151, 'eval_runtime': 457.2229, 'eval_samples_per_second': 385.094, 'eval_steps_per_second': 24.069, 'epoch': 13.57}
{'loss': 0.2392, 'grad_norm': 4451.2587890625, 'learning_rate': 0.00025925179626206117, 'epoch': 14.53}
{'eval_loss': 0.4885931611061096, 'eval_runtime': 471.8891, 'eval_samples_per_second': 373.126, 'eval_steps_per_second': 23.321, 'epoch': 14.53}
{'loss': 0.2378, 'grad_norm': 5145.86669921875, 'learning_rate': 0.0002101052260682581, 'epoch': 15.5}
{'eval_loss': 0.4864653944969177, 'eval_runtime': 457.798, 'eval_samples_per_second': 384.611, 'eval_steps_per_second': 24.039, 'epoch': 15.5}
{'loss': 0.2366, 'grad_norm': 4838.3369140625, 'learning_rate': 0.0001689695115069838, 'epoch': 16.47}
{'eval_loss': 0.48447808623313904, 'eval_runtime': 461.015, 'eval_samples_per_second': 381.927, 'eval_steps_per_second': 23.871, 'epoch': 16.47}
{'loss': 0.2355, 'grad_norm': 4554.8212890625, 'learning_rate': 0.00013681416519203767, 'epoch': 17.44}
{'eval_loss': 0.4828212261199951, 'eval_runtime': 464.5373, 'eval_samples_per_second': 379.031, 'eval_steps_per_second': 23.69, 'epoch': 17.44}
{'loss': 0.2346, 'grad_norm': 4655.90673828125, 'learning_rate': 0.00011439704472200329, 'epoch': 18.41}
{'eval_loss': 0.481645405292511, 'eval_runtime': 468.334, 'eval_samples_per_second': 375.958, 'eval_steps_per_second': 23.498, 'epoch': 18.41}
{'loss': 0.2338, 'grad_norm': 4442.2744140625, 'learning_rate': 0.00010224649101164413, 'epoch': 19.38}
{'eval_loss': 0.4807870090007782, 'eval_runtime': 462.0622, 'eval_samples_per_second': 381.061, 'eval_steps_per_second': 23.817, 'epoch': 19.38}
{'train_runtime': 14958.7242, 'train_samples_per_second': 2120.395, 'train_steps_per_second': 2.761, 'train_loss': 0.25469804079134295, 'epoch': 20.01}
Data from this directory : data/training_data/moses_canonical.csv
Tokenizer from this directory : data/tokenizers_character_level/moses_canonical
log files are in this directory : reports/logs/moses_canonical_character_level/4
Model and checkpoint of training has been save in this directory : models/trained_moses_canonical_character_level/4
END OF train.py
