your current dir is: /workdir/simlab_team/prabakaran/GuacaMoliency
your workdir is: /scratch/simlab_team/106363.torque1.cluster.lbt/
number of nodes: 1
number of cores: 48
your execution environment: node081.cluster.lbt
cuda:0
Training start
{'loss': 4.6978, 'grad_norm': 533223.4375, 'learning_rate': 0.0, 'epoch': 0.0}
{'loss': 1.4366, 'grad_norm': 20785.861328125, 'learning_rate': 0.0005979976874471016, 'epoch': 0.97}
{'eval_loss': 2.9333336353302, 'eval_runtime': 463.0442, 'eval_samples_per_second': 380.247, 'eval_steps_per_second': 23.767, 'epoch': 0.97}
{'loss': 1.2356, 'grad_norm': 20378.82421875, 'learning_rate': 0.0005898156279731642, 'epoch': 1.94}
{'eval_loss': 2.8784539699554443, 'eval_runtime': 462.8102, 'eval_samples_per_second': 380.439, 'eval_steps_per_second': 23.779, 'epoch': 1.94}
{'loss': 1.2179, 'grad_norm': 19628.525390625, 'learning_rate': 0.0005755100689740889, 'epoch': 2.91}
{'eval_loss': 2.8498852252960205, 'eval_runtime': 459.401, 'eval_samples_per_second': 383.262, 'eval_steps_per_second': 23.955, 'epoch': 2.91}
{'loss': 1.2048, 'grad_norm': 17849.154296875, 'learning_rate': 0.0005554181729386032, 'epoch': 3.88}
{'eval_loss': 2.8229687213897705, 'eval_runtime': 460.9919, 'eval_samples_per_second': 381.939, 'eval_steps_per_second': 23.872, 'epoch': 3.88}
{'loss': 1.1959, 'grad_norm': 16308.7392578125, 'learning_rate': 0.0005300134784170712, 'epoch': 4.84}
{'eval_loss': 2.80290150642395, 'eval_runtime': 460.2409, 'eval_samples_per_second': 382.563, 'eval_steps_per_second': 23.911, 'epoch': 4.84}
{'loss': 1.1889, 'grad_norm': 15503.6865234375, 'learning_rate': 0.0004998947393645667, 'epoch': 5.81}
{'eval_loss': 2.793031692504883, 'eval_runtime': 463.9683, 'eval_samples_per_second': 379.489, 'eval_steps_per_second': 23.719, 'epoch': 5.81}
{'loss': 1.1844, 'grad_norm': 17396.181640625, 'learning_rate': 0.00046577181332786043, 'epoch': 6.78}
{'eval_loss': 2.783930778503418, 'eval_runtime': 470.1495, 'eval_samples_per_second': 374.5, 'eval_steps_per_second': 23.407, 'epoch': 6.78}
{'loss': 1.1803, 'grad_norm': 17953.9453125, 'learning_rate': 0.0004284489310724846, 'epoch': 7.75}
{'eval_loss': 2.775017023086548, 'eval_runtime': 461.159, 'eval_samples_per_second': 381.801, 'eval_steps_per_second': 23.864, 'epoch': 7.75}
{'loss': 1.176, 'grad_norm': 18025.818359375, 'learning_rate': 0.0003888057419619147, 'epoch': 8.72}
{'eval_loss': 2.766836643218994, 'eval_runtime': 461.0253, 'eval_samples_per_second': 381.912, 'eval_steps_per_second': 23.871, 'epoch': 8.72}
{'loss': 1.1716, 'grad_norm': 17552.48046875, 'learning_rate': 0.00034777658182339594, 'epoch': 9.69}
{'eval_loss': 2.756551504135132, 'eval_runtime': 470.335, 'eval_samples_per_second': 374.352, 'eval_steps_per_second': 23.398, 'epoch': 9.69}
{'loss': 1.1674, 'grad_norm': 18601.62109375, 'learning_rate': 0.00030632845192850295, 'epoch': 10.66}
{'eval_loss': 2.750296115875244, 'eval_runtime': 461.8969, 'eval_samples_per_second': 381.191, 'eval_steps_per_second': 23.826, 'epoch': 10.66}
{'loss': 1.1636, 'grad_norm': 20505.37890625, 'learning_rate': 0.00026543822809378757, 'epoch': 11.63}
{'eval_loss': 2.7420613765716553, 'eval_runtime': 464.0585, 'eval_samples_per_second': 379.416, 'eval_steps_per_second': 23.715, 'epoch': 11.63}
{'loss': 1.159, 'grad_norm': 19305.119140625, 'learning_rate': 0.00022606963705188696, 'epoch': 12.6}
{'eval_loss': 2.7334513664245605, 'eval_runtime': 459.5638, 'eval_samples_per_second': 383.126, 'eval_steps_per_second': 23.947, 'epoch': 12.6}
{'loss': 1.1546, 'grad_norm': 21853.5, 'learning_rate': 0.00018915054272858228, 'epoch': 13.57}
{'eval_loss': 2.728665351867676, 'eval_runtime': 460.8361, 'eval_samples_per_second': 382.069, 'eval_steps_per_second': 23.881, 'epoch': 13.57}
{'loss': 1.1512, 'grad_norm': 21619.744140625, 'learning_rate': 0.0001555510777572367, 'epoch': 14.53}
{'eval_loss': 2.7193617820739746, 'eval_runtime': 466.854, 'eval_samples_per_second': 377.144, 'eval_steps_per_second': 23.573, 'epoch': 14.53}
{'loss': 1.1477, 'grad_norm': 20905.142578125, 'learning_rate': 0.00012606313564095484, 'epoch': 15.5}
{'eval_loss': 2.714614152908325, 'eval_runtime': 465.187, 'eval_samples_per_second': 378.495, 'eval_steps_per_second': 23.657, 'epoch': 15.5}
{'loss': 1.1448, 'grad_norm': 22640.81640625, 'learning_rate': 0.00010138170690419028, 'epoch': 16.47}
{'eval_loss': 2.7103536128997803, 'eval_runtime': 461.7902, 'eval_samples_per_second': 381.279, 'eval_steps_per_second': 23.831, 'epoch': 16.47}
{'loss': 1.1424, 'grad_norm': 21792.64453125, 'learning_rate': 8.20884991152226e-05, 'epoch': 17.44}
{'eval_loss': 2.707561731338501, 'eval_runtime': 462.1294, 'eval_samples_per_second': 380.999, 'eval_steps_per_second': 23.814, 'epoch': 17.44}
{'loss': 1.1397, 'grad_norm': 22828.2578125, 'learning_rate': 6.863822683320196e-05, 'epoch': 18.41}
{'eval_loss': 2.703733444213867, 'eval_runtime': 457.7639, 'eval_samples_per_second': 384.633, 'eval_steps_per_second': 24.041, 'epoch': 18.41}
{'loss': 1.1385, 'grad_norm': 21957.490234375, 'learning_rate': 6.134789460698647e-05, 'epoch': 19.38}
{'eval_loss': 2.701688766479492, 'eval_runtime': 468.4241, 'eval_samples_per_second': 375.879, 'eval_steps_per_second': 23.494, 'epoch': 19.38}
{'train_runtime': 12778.4134, 'train_samples_per_second': 2482.186, 'train_steps_per_second': 3.232, 'train_loss': 1.1836539774310502, 'epoch': 20.01}
Data from this directory : data/training_data/inchies_training_data.csv
Tokenizer from this directory : data/tokenizers_inchies/moses_canonical
log files are in this directory : reports/logs/moses_canonical_INCHIES/1
Model and checkpoint of training has been save in this directory : models/trained_moses_canonical_INCHIES/1
END OF train.py
