your current dir is: /workdir/simlab_team/prabakaran/GuacaMoliency
your workdir is: /scratch/simlab_team/106448.torque1.cluster.lbt/
number of nodes: 1
number of cores: 16
your execution environment: node061.cluster.lbt
cuda:0
Training start
{'loss': 1.433, 'grad_norm': 971229.9375, 'learning_rate': 0.0, 'epoch': 0.0}
{'loss': 0.3446, 'grad_norm': 11108.646484375, 'learning_rate': 0.0005979854329119042, 'epoch': 0.97}
{'eval_loss': 0.5419142842292786, 'eval_runtime': 355.6045, 'eval_samples_per_second': 493.731, 'eval_steps_per_second': 30.86, 'epoch': 0.97}
{'loss': 0.2592, 'grad_norm': 8592.494140625, 'learning_rate': 0.00058976077240538, 'epoch': 1.94}
{'eval_loss': 0.5102429986000061, 'eval_runtime': 354.8865, 'eval_samples_per_second': 494.73, 'eval_steps_per_second': 30.923, 'epoch': 1.94}
{'loss': 0.249, 'grad_norm': 6220.42822265625, 'learning_rate': 0.0005753842085915628, 'epoch': 2.92}
{'eval_loss': 0.49649396538734436, 'eval_runtime': 356.0075, 'eval_samples_per_second': 493.172, 'eval_steps_per_second': 30.825, 'epoch': 2.92}
{'loss': 0.2436, 'grad_norm': 4535.4677734375, 'learning_rate': 0.0005551962210188262, 'epoch': 3.89}
{'eval_loss': 0.48965391516685486, 'eval_runtime': 355.827, 'eval_samples_per_second': 493.422, 'eval_steps_per_second': 30.841, 'epoch': 3.89}
{'loss': 0.2401, 'grad_norm': 4872.04833984375, 'learning_rate': 0.0005296749209368645, 'epoch': 4.86}
{'eval_loss': 0.4831068217754364, 'eval_runtime': 356.0665, 'eval_samples_per_second': 493.09, 'eval_steps_per_second': 30.82, 'epoch': 4.86}
{'loss': 0.2375, 'grad_norm': 4634.9794921875, 'learning_rate': 0.0004994247282083334, 'epoch': 5.83}
{'eval_loss': 0.4789535105228424, 'eval_runtime': 355.1478, 'eval_samples_per_second': 494.366, 'eval_steps_per_second': 30.9, 'epoch': 5.83}
{'loss': 0.2354, 'grad_norm': 6519.82666015625, 'learning_rate': 0.00046516205685899096, 'epoch': 6.8}
{'eval_loss': 0.4757857918739319, 'eval_runtime': 355.8218, 'eval_samples_per_second': 493.43, 'eval_steps_per_second': 30.841, 'epoch': 6.8}
{'loss': 0.2336, 'grad_norm': 3726.33056640625, 'learning_rate': 0.00042769834827484344, 'epoch': 7.77}
{'eval_loss': 0.4726587235927582, 'eval_runtime': 356.1321, 'eval_samples_per_second': 493.0, 'eval_steps_per_second': 30.814, 'epoch': 7.77}
{'loss': 0.232, 'grad_norm': 4282.6943359375, 'learning_rate': 0.00038792085387036774, 'epoch': 8.75}
{'eval_loss': 0.47019490599632263, 'eval_runtime': 354.9362, 'eval_samples_per_second': 494.661, 'eval_steps_per_second': 30.918, 'epoch': 8.75}
{'loss': 0.2305, 'grad_norm': 4906.0654296875, 'learning_rate': 0.0003467716223510584, 'epoch': 9.72}
{'eval_loss': 0.46718987822532654, 'eval_runtime': 355.8337, 'eval_samples_per_second': 493.413, 'eval_steps_per_second': 30.84, 'epoch': 9.72}
{'loss': 0.2291, 'grad_norm': 3853.088134765625, 'learning_rate': 0.00030522518921406527, 'epoch': 10.69}
{'eval_loss': 0.4648483991622925, 'eval_runtime': 355.3825, 'eval_samples_per_second': 494.04, 'eval_steps_per_second': 30.879, 'epoch': 10.69}
{'loss': 0.2278, 'grad_norm': 4483.2626953125, 'learning_rate': 0.0002642654968655301, 'epoch': 11.66}
{'eval_loss': 0.46248745918273926, 'eval_runtime': 354.3843, 'eval_samples_per_second': 495.431, 'eval_steps_per_second': 30.966, 'epoch': 11.66}
{'loss': 0.2265, 'grad_norm': 5210.216796875, 'learning_rate': 0.0002248625919544957, 'epoch': 12.63}
{'eval_loss': 0.46137723326683044, 'eval_runtime': 356.3, 'eval_samples_per_second': 492.767, 'eval_steps_per_second': 30.8, 'epoch': 12.63}
{'loss': 0.2252, 'grad_norm': 5055.74560546875, 'learning_rate': 0.0001879496517994406, 'epoch': 13.61}
{'eval_loss': 0.458682119846344, 'eval_runtime': 356.0395, 'eval_samples_per_second': 493.128, 'eval_steps_per_second': 30.822, 'epoch': 13.61}
{'loss': 0.224, 'grad_norm': 4336.3427734375, 'learning_rate': 0.00015440088398959765, 'epoch': 14.58}
{'eval_loss': 0.45672664046287537, 'eval_runtime': 355.7928, 'eval_samples_per_second': 493.47, 'eval_steps_per_second': 30.844, 'epoch': 14.58}
{'loss': 0.223, 'grad_norm': 4540.36376953125, 'learning_rate': 0.00012501082256385904, 'epoch': 15.55}
{'eval_loss': 0.45537543296813965, 'eval_runtime': 355.5401, 'eval_samples_per_second': 493.821, 'eval_steps_per_second': 30.866, 'epoch': 15.55}
{'loss': 0.2221, 'grad_norm': 6231.21923828125, 'learning_rate': 0.00010047551109497921, 'epoch': 16.52}
{'eval_loss': 0.4538637101650238, 'eval_runtime': 356.487, 'eval_samples_per_second': 492.509, 'eval_steps_per_second': 30.784, 'epoch': 16.52}
{'loss': 0.2213, 'grad_norm': 5299.5908203125, 'learning_rate': 8.137601831929293e-05, 'epoch': 17.49}
{'eval_loss': 0.45285752415657043, 'eval_runtime': 354.9953, 'eval_samples_per_second': 494.578, 'eval_steps_per_second': 30.913, 'epoch': 17.49}
{'loss': 0.2206, 'grad_norm': 4735.7021484375, 'learning_rate': 6.816467671058468e-05, 'epoch': 18.46}
{'eval_loss': 0.4517054855823517, 'eval_runtime': 356.4087, 'eval_samples_per_second': 492.617, 'eval_steps_per_second': 30.79, 'epoch': 18.46}
{'loss': 0.2201, 'grad_norm': 5435.01318359375, 'learning_rate': 6.115436990938195e-05, 'epoch': 19.44}
{'eval_loss': 0.4512694776058197, 'eval_runtime': 354.0674, 'eval_samples_per_second': 495.874, 'eval_steps_per_second': 30.994, 'epoch': 19.44}
{'train_runtime': 19983.9757, 'train_samples_per_second': 1583.349, 'train_steps_per_second': 2.062, 'train_loss': 0.236779541859349, 'epoch': 20.02}
Data from this directory : data/training_data/moses_ClearSMILES.csv
Tokenizer from this directory : data/tokenizers_character_level/moses_ClearSMILES_corrected
log files are in this directory : reports/logs/moses_ClearSMILES_corrected_character_level/1
Model and checkpoint of training has been save in this directory : models/trained_moses_ClearSMILES_corrected_character_level/1
END OF train.py
cuda:0
Training start
{'loss': 1.4273, 'grad_norm': 889528.125, 'learning_rate': 0.0, 'epoch': 0.0}
{'loss': 0.3454, 'grad_norm': 7057.97265625, 'learning_rate': 0.0005979854329119042, 'epoch': 0.97}
{'eval_loss': 0.5383989810943604, 'eval_runtime': 358.9153, 'eval_samples_per_second': 489.177, 'eval_steps_per_second': 30.575, 'epoch': 0.97}
{'loss': 0.2594, 'grad_norm': 4814.62158203125, 'learning_rate': 0.00058976077240538, 'epoch': 1.94}
{'eval_loss': 0.5107396841049194, 'eval_runtime': 359.4708, 'eval_samples_per_second': 488.421, 'eval_steps_per_second': 30.528, 'epoch': 1.94}
{'loss': 0.2491, 'grad_norm': 6053.75048828125, 'learning_rate': 0.0005753842085915628, 'epoch': 2.92}
{'eval_loss': 0.4965120553970337, 'eval_runtime': 359.5947, 'eval_samples_per_second': 488.252, 'eval_steps_per_second': 30.518, 'epoch': 2.92}
{'loss': 0.2437, 'grad_norm': 5843.134765625, 'learning_rate': 0.0005551962210188262, 'epoch': 3.89}
{'eval_loss': 0.48942306637763977, 'eval_runtime': 359.4782, 'eval_samples_per_second': 488.411, 'eval_steps_per_second': 30.528, 'epoch': 3.89}
{'loss': 0.2401, 'grad_norm': 4972.26806640625, 'learning_rate': 0.0005296749209368645, 'epoch': 4.86}
{'eval_loss': 0.48339539766311646, 'eval_runtime': 359.6245, 'eval_samples_per_second': 488.212, 'eval_steps_per_second': 30.515, 'epoch': 4.86}
{'loss': 0.2376, 'grad_norm': 4597.783203125, 'learning_rate': 0.0004994247282083334, 'epoch': 5.83}
{'eval_loss': 0.4790577292442322, 'eval_runtime': 359.2278, 'eval_samples_per_second': 488.751, 'eval_steps_per_second': 30.549, 'epoch': 5.83}
{'loss': 0.2356, 'grad_norm': 5676.0625, 'learning_rate': 0.00046516205685899096, 'epoch': 6.8}
{'eval_loss': 0.4759557247161865, 'eval_runtime': 359.735, 'eval_samples_per_second': 488.062, 'eval_steps_per_second': 30.506, 'epoch': 6.8}
{'loss': 0.2337, 'grad_norm': 3933.44287109375, 'learning_rate': 0.00042769834827484344, 'epoch': 7.77}
{'eval_loss': 0.47263839840888977, 'eval_runtime': 359.816, 'eval_samples_per_second': 487.952, 'eval_steps_per_second': 30.499, 'epoch': 7.77}
{'loss': 0.2321, 'grad_norm': 3896.605712890625, 'learning_rate': 0.00038792085387036774, 'epoch': 8.75}
{'eval_loss': 0.47027361392974854, 'eval_runtime': 359.1412, 'eval_samples_per_second': 488.869, 'eval_steps_per_second': 30.556, 'epoch': 8.75}
{'loss': 0.2306, 'grad_norm': 5118.1435546875, 'learning_rate': 0.0003467716223510584, 'epoch': 9.72}
{'eval_loss': 0.46763846278190613, 'eval_runtime': 359.9833, 'eval_samples_per_second': 487.725, 'eval_steps_per_second': 30.485, 'epoch': 9.72}
{'loss': 0.2292, 'grad_norm': 3775.094970703125, 'learning_rate': 0.00030522518921406527, 'epoch': 10.69}
{'eval_loss': 0.4652097523212433, 'eval_runtime': 359.7019, 'eval_samples_per_second': 488.107, 'eval_steps_per_second': 30.509, 'epoch': 10.69}
{'loss': 0.2279, 'grad_norm': 4238.0556640625, 'learning_rate': 0.0002642654968655301, 'epoch': 11.66}
{'eval_loss': 0.46253588795661926, 'eval_runtime': 359.3378, 'eval_samples_per_second': 488.601, 'eval_steps_per_second': 30.54, 'epoch': 11.66}
{'loss': 0.2266, 'grad_norm': 5085.2314453125, 'learning_rate': 0.0002248625919544957, 'epoch': 12.63}
{'eval_loss': 0.46100276708602905, 'eval_runtime': 359.1524, 'eval_samples_per_second': 488.854, 'eval_steps_per_second': 30.555, 'epoch': 12.63}
{'loss': 0.2253, 'grad_norm': 5117.22607421875, 'learning_rate': 0.0001879496517994406, 'epoch': 13.61}
{'eval_loss': 0.4588989019393921, 'eval_runtime': 359.1418, 'eval_samples_per_second': 488.868, 'eval_steps_per_second': 30.556, 'epoch': 13.61}
{'loss': 0.2241, 'grad_norm': 4293.17431640625, 'learning_rate': 0.00015440088398959765, 'epoch': 14.58}
{'eval_loss': 0.4568191468715668, 'eval_runtime': 359.3712, 'eval_samples_per_second': 488.556, 'eval_steps_per_second': 30.537, 'epoch': 14.58}
{'loss': 0.2231, 'grad_norm': 4606.029296875, 'learning_rate': 0.00012501082256385904, 'epoch': 15.55}
{'eval_loss': 0.4553924798965454, 'eval_runtime': 359.513, 'eval_samples_per_second': 488.363, 'eval_steps_per_second': 30.525, 'epoch': 15.55}
{'loss': 0.2223, 'grad_norm': 5637.76513671875, 'learning_rate': 0.00010047551109497921, 'epoch': 16.52}
{'eval_loss': 0.4539136588573456, 'eval_runtime': 359.4076, 'eval_samples_per_second': 488.507, 'eval_steps_per_second': 30.534, 'epoch': 16.52}
{'loss': 0.2214, 'grad_norm': 5378.2265625, 'learning_rate': 8.137601831929293e-05, 'epoch': 17.49}
{'eval_loss': 0.4530639946460724, 'eval_runtime': 359.3777, 'eval_samples_per_second': 488.547, 'eval_steps_per_second': 30.536, 'epoch': 17.49}
{'loss': 0.2208, 'grad_norm': 4610.138671875, 'learning_rate': 6.816467671058468e-05, 'epoch': 18.46}
{'eval_loss': 0.4518834948539734, 'eval_runtime': 359.7617, 'eval_samples_per_second': 488.026, 'eval_steps_per_second': 30.504, 'epoch': 18.46}
{'loss': 0.2202, 'grad_norm': 5410.36328125, 'learning_rate': 6.115436990938195e-05, 'epoch': 19.44}
{'eval_loss': 0.4512808620929718, 'eval_runtime': 359.0665, 'eval_samples_per_second': 488.971, 'eval_steps_per_second': 30.563, 'epoch': 19.44}
{'train_runtime': 20078.7336, 'train_samples_per_second': 1575.876, 'train_steps_per_second': 2.052, 'train_loss': 0.23692481886125305, 'epoch': 20.02}
Data from this directory : data/training_data/moses_ClearSMILES.csv
Tokenizer from this directory : data/tokenizers_character_level/moses_ClearSMILES_corrected
log files are in this directory : reports/logs/moses_ClearSMILES_corrected_character_level/2
Model and checkpoint of training has been save in this directory : models/trained_moses_ClearSMILES_corrected_character_level/2
END OF train.py
cuda:0
Training start
{'loss': 1.3705, 'grad_norm': 751158.8125, 'learning_rate': 0.0, 'epoch': 0.0}
{'loss': 0.3449, 'grad_norm': 9860.65234375, 'learning_rate': 0.0005979854329119042, 'epoch': 0.97}
{'eval_loss': 0.5403767228126526, 'eval_runtime': 356.4567, 'eval_samples_per_second': 492.551, 'eval_steps_per_second': 30.786, 'epoch': 0.97}
{'loss': 0.2593, 'grad_norm': 7350.5927734375, 'learning_rate': 0.00058976077240538, 'epoch': 1.94}
{'eval_loss': 0.5100997090339661, 'eval_runtime': 357.3424, 'eval_samples_per_second': 491.33, 'eval_steps_per_second': 30.71, 'epoch': 1.94}
{'loss': 0.249, 'grad_norm': 5614.79150390625, 'learning_rate': 0.0005753842085915628, 'epoch': 2.92}
{'eval_loss': 0.497562438249588, 'eval_runtime': 356.2426, 'eval_samples_per_second': 492.847, 'eval_steps_per_second': 30.805, 'epoch': 2.92}
{'loss': 0.2436, 'grad_norm': 5132.74169921875, 'learning_rate': 0.0005551962210188262, 'epoch': 3.89}
{'eval_loss': 0.48989567160606384, 'eval_runtime': 356.0657, 'eval_samples_per_second': 493.092, 'eval_steps_per_second': 30.82, 'epoch': 3.89}
{'loss': 0.2401, 'grad_norm': 4736.17529296875, 'learning_rate': 0.0005296749209368645, 'epoch': 4.86}
{'eval_loss': 0.4832005798816681, 'eval_runtime': 356.2297, 'eval_samples_per_second': 492.865, 'eval_steps_per_second': 30.806, 'epoch': 4.86}
{'loss': 0.2374, 'grad_norm': 5145.32666015625, 'learning_rate': 0.0004994247282083334, 'epoch': 5.83}
{'eval_loss': 0.4791657030582428, 'eval_runtime': 355.6224, 'eval_samples_per_second': 493.706, 'eval_steps_per_second': 30.859, 'epoch': 5.83}
{'loss': 0.2354, 'grad_norm': 6147.26953125, 'learning_rate': 0.00046516205685899096, 'epoch': 6.8}
{'eval_loss': 0.47559598088264465, 'eval_runtime': 356.1456, 'eval_samples_per_second': 492.981, 'eval_steps_per_second': 30.813, 'epoch': 6.8}
{'loss': 0.2335, 'grad_norm': 3918.624755859375, 'learning_rate': 0.00042769834827484344, 'epoch': 7.77}
{'eval_loss': 0.4725089967250824, 'eval_runtime': 356.4204, 'eval_samples_per_second': 492.601, 'eval_steps_per_second': 30.789, 'epoch': 7.77}
{'loss': 0.2319, 'grad_norm': 4532.80517578125, 'learning_rate': 0.00038792085387036774, 'epoch': 8.75}
{'eval_loss': 0.47038277983665466, 'eval_runtime': 356.0198, 'eval_samples_per_second': 493.155, 'eval_steps_per_second': 30.824, 'epoch': 8.75}
{'loss': 0.2304, 'grad_norm': 5282.79345703125, 'learning_rate': 0.0003467716223510584, 'epoch': 9.72}
{'eval_loss': 0.46720725297927856, 'eval_runtime': 356.0803, 'eval_samples_per_second': 493.071, 'eval_steps_per_second': 30.819, 'epoch': 9.72}
{'loss': 0.229, 'grad_norm': 3937.555908203125, 'learning_rate': 0.00030522518921406527, 'epoch': 10.69}
{'eval_loss': 0.46455979347229004, 'eval_runtime': 356.4786, 'eval_samples_per_second': 492.52, 'eval_steps_per_second': 30.784, 'epoch': 10.69}
{'loss': 0.2277, 'grad_norm': 4133.5791015625, 'learning_rate': 0.0002642654968655301, 'epoch': 11.66}
{'eval_loss': 0.46226590871810913, 'eval_runtime': 356.4631, 'eval_samples_per_second': 492.542, 'eval_steps_per_second': 30.786, 'epoch': 11.66}
{'loss': 0.2264, 'grad_norm': 4839.5166015625, 'learning_rate': 0.0002248625919544957, 'epoch': 12.63}
{'eval_loss': 0.4608765244483948, 'eval_runtime': 356.0914, 'eval_samples_per_second': 493.056, 'eval_steps_per_second': 30.818, 'epoch': 12.63}
{'loss': 0.2252, 'grad_norm': 5468.21240234375, 'learning_rate': 0.0001879496517994406, 'epoch': 13.61}
{'eval_loss': 0.4587498903274536, 'eval_runtime': 355.9044, 'eval_samples_per_second': 493.315, 'eval_steps_per_second': 30.834, 'epoch': 13.61}
{'loss': 0.224, 'grad_norm': 4555.5947265625, 'learning_rate': 0.00015440088398959765, 'epoch': 14.58}
{'eval_loss': 0.45675066113471985, 'eval_runtime': 356.3388, 'eval_samples_per_second': 492.714, 'eval_steps_per_second': 30.797, 'epoch': 14.58}
{'loss': 0.223, 'grad_norm': 4596.39013671875, 'learning_rate': 0.00012501082256385904, 'epoch': 15.55}
{'eval_loss': 0.4550359845161438, 'eval_runtime': 357.5582, 'eval_samples_per_second': 491.033, 'eval_steps_per_second': 30.692, 'epoch': 15.55}
{'loss': 0.2221, 'grad_norm': 6300.26318359375, 'learning_rate': 0.00010047551109497921, 'epoch': 16.52}
{'eval_loss': 0.45389875769615173, 'eval_runtime': 356.6913, 'eval_samples_per_second': 492.227, 'eval_steps_per_second': 30.766, 'epoch': 16.52}
{'loss': 0.2212, 'grad_norm': 5218.64013671875, 'learning_rate': 8.137601831929293e-05, 'epoch': 17.49}
{'eval_loss': 0.452897846698761, 'eval_runtime': 356.4319, 'eval_samples_per_second': 492.585, 'eval_steps_per_second': 30.788, 'epoch': 17.49}
{'loss': 0.2206, 'grad_norm': 4760.5029296875, 'learning_rate': 6.816467671058468e-05, 'epoch': 18.46}
{'eval_loss': 0.4517984986305237, 'eval_runtime': 356.4712, 'eval_samples_per_second': 492.531, 'eval_steps_per_second': 30.785, 'epoch': 18.46}
{'loss': 0.22, 'grad_norm': 5753.68017578125, 'learning_rate': 6.115436990938195e-05, 'epoch': 19.44}
{'eval_loss': 0.4509955048561096, 'eval_runtime': 355.9847, 'eval_samples_per_second': 493.204, 'eval_steps_per_second': 30.827, 'epoch': 19.44}
{'train_runtime': 20004.5651, 'train_samples_per_second': 1581.719, 'train_steps_per_second': 2.06, 'train_loss': 0.23676365674120708, 'epoch': 20.02}
Data from this directory : data/training_data/moses_ClearSMILES.csv
Tokenizer from this directory : data/tokenizers_character_level/moses_ClearSMILES_corrected
log files are in this directory : reports/logs/moses_ClearSMILES_corrected_character_level/3
Model and checkpoint of training has been save in this directory : models/trained_moses_ClearSMILES_corrected_character_level/3
END OF train.py
